ARM GAS  C:\Users\LW\AppData\Local\Temp\ccODhbvU.s 			page 1


   1              		.cpu cortex-m3
   2              		.eabi_attribute 20, 1
   3              		.eabi_attribute 21, 1
   4              		.eabi_attribute 23, 3
   5              		.eabi_attribute 24, 1
   6              		.eabi_attribute 25, 1
   7              		.eabi_attribute 26, 1
   8              		.eabi_attribute 30, 1
   9              		.eabi_attribute 34, 1
  10              		.eabi_attribute 18, 4
  11              		.file	"gpio.c"
  12              		.text
  13              	.Ltext0:
  14              		.cfi_sections	.debug_frame
  15              		.section	.text.MX_GPIO_Init,"ax",%progbits
  16              		.align	1
  17              		.global	MX_GPIO_Init
  18              		.arch armv7-m
  19              		.syntax unified
  20              		.thumb
  21              		.thumb_func
  22              		.fpu softvfp
  24              	MX_GPIO_Init:
  25              	.LFB65:
  26              		.file 1 "Core/Src/gpio.c"
   1:Core/Src/gpio.c **** /* USER CODE BEGIN Header */
   2:Core/Src/gpio.c **** /**
   3:Core/Src/gpio.c ****   ******************************************************************************
   4:Core/Src/gpio.c ****   * @file    gpio.c
   5:Core/Src/gpio.c ****   * @brief   This file provides code for the configuration
   6:Core/Src/gpio.c ****   *          of all used GPIO pins.
   7:Core/Src/gpio.c ****   ******************************************************************************
   8:Core/Src/gpio.c ****   * @attention
   9:Core/Src/gpio.c ****   *
  10:Core/Src/gpio.c ****   * Copyright (c) 2022 STMicroelectronics.
  11:Core/Src/gpio.c ****   * All rights reserved.
  12:Core/Src/gpio.c ****   *
  13:Core/Src/gpio.c ****   * This software is licensed under terms that can be found in the LICENSE file
  14:Core/Src/gpio.c ****   * in the root directory of this software component.
  15:Core/Src/gpio.c ****   * If no LICENSE file comes with this software, it is provided AS-IS.
  16:Core/Src/gpio.c ****   *
  17:Core/Src/gpio.c ****   ******************************************************************************
  18:Core/Src/gpio.c ****   */
  19:Core/Src/gpio.c **** /* USER CODE END Header */
  20:Core/Src/gpio.c **** 
  21:Core/Src/gpio.c **** /* Includes ------------------------------------------------------------------*/
  22:Core/Src/gpio.c **** #include "gpio.h"
  23:Core/Src/gpio.c **** 
  24:Core/Src/gpio.c **** /* USER CODE BEGIN 0 */
  25:Core/Src/gpio.c **** 
  26:Core/Src/gpio.c **** /* USER CODE END 0 */
  27:Core/Src/gpio.c **** 
  28:Core/Src/gpio.c **** /*----------------------------------------------------------------------------*/
  29:Core/Src/gpio.c **** /* Configure GPIO                                                             */
  30:Core/Src/gpio.c **** /*----------------------------------------------------------------------------*/
  31:Core/Src/gpio.c **** /* USER CODE BEGIN 1 */
  32:Core/Src/gpio.c **** 
ARM GAS  C:\Users\LW\AppData\Local\Temp\ccODhbvU.s 			page 2


  33:Core/Src/gpio.c **** /* USER CODE END 1 */
  34:Core/Src/gpio.c **** 
  35:Core/Src/gpio.c **** /** Configure pins as
  36:Core/Src/gpio.c ****         * Analog
  37:Core/Src/gpio.c ****         * Input
  38:Core/Src/gpio.c ****         * Output
  39:Core/Src/gpio.c ****         * EVENT_OUT
  40:Core/Src/gpio.c ****         * EXTI
  41:Core/Src/gpio.c **** */
  42:Core/Src/gpio.c **** void MX_GPIO_Init(void)
  43:Core/Src/gpio.c **** {
  27              		.loc 1 43 1 view -0
  28              		.cfi_startproc
  29              		@ args = 0, pretend = 0, frame = 24
  30              		@ frame_needed = 0, uses_anonymous_args = 0
  31 0000 2DE9F043 		push	{r4, r5, r6, r7, r8, r9, lr}
  32              	.LCFI0:
  33              		.cfi_def_cfa_offset 28
  34              		.cfi_offset 4, -28
  35              		.cfi_offset 5, -24
  36              		.cfi_offset 6, -20
  37              		.cfi_offset 7, -16
  38              		.cfi_offset 8, -12
  39              		.cfi_offset 9, -8
  40              		.cfi_offset 14, -4
  41 0004 87B0     		sub	sp, sp, #28
  42              	.LCFI1:
  43              		.cfi_def_cfa_offset 56
  44:Core/Src/gpio.c **** 
  45:Core/Src/gpio.c ****   GPIO_InitTypeDef GPIO_InitStruct = {0};
  44              		.loc 1 45 3 view .LVU1
  45              		.loc 1 45 20 is_stmt 0 view .LVU2
  46 0006 0024     		movs	r4, #0
  47 0008 0294     		str	r4, [sp, #8]
  48 000a 0394     		str	r4, [sp, #12]
  49 000c 0494     		str	r4, [sp, #16]
  50 000e 0594     		str	r4, [sp, #20]
  46:Core/Src/gpio.c **** 
  47:Core/Src/gpio.c ****   /* GPIO Ports Clock Enable */
  48:Core/Src/gpio.c ****   __HAL_RCC_GPIOE_CLK_ENABLE();
  51              		.loc 1 48 3 is_stmt 1 view .LVU3
  52              	.LBB2:
  53              		.loc 1 48 3 view .LVU4
  54              		.loc 1 48 3 view .LVU5
  55 0010 1C4B     		ldr	r3, .L3
  56 0012 9A69     		ldr	r2, [r3, #24]
  57 0014 42F04002 		orr	r2, r2, #64
  58 0018 9A61     		str	r2, [r3, #24]
  59              		.loc 1 48 3 view .LVU6
  60 001a 9A69     		ldr	r2, [r3, #24]
  61 001c 02F04002 		and	r2, r2, #64
  62 0020 0092     		str	r2, [sp]
  63              		.loc 1 48 3 view .LVU7
  64 0022 009A     		ldr	r2, [sp]
  65              	.LBE2:
  66              		.loc 1 48 3 view .LVU8
  49:Core/Src/gpio.c ****   __HAL_RCC_GPIOB_CLK_ENABLE();
ARM GAS  C:\Users\LW\AppData\Local\Temp\ccODhbvU.s 			page 3


  67              		.loc 1 49 3 view .LVU9
  68              	.LBB3:
  69              		.loc 1 49 3 view .LVU10
  70              		.loc 1 49 3 view .LVU11
  71 0024 9A69     		ldr	r2, [r3, #24]
  72 0026 42F00802 		orr	r2, r2, #8
  73 002a 9A61     		str	r2, [r3, #24]
  74              		.loc 1 49 3 view .LVU12
  75 002c 9B69     		ldr	r3, [r3, #24]
  76 002e 03F00803 		and	r3, r3, #8
  77 0032 0193     		str	r3, [sp, #4]
  78              		.loc 1 49 3 view .LVU13
  79 0034 019B     		ldr	r3, [sp, #4]
  80              	.LBE3:
  81              		.loc 1 49 3 view .LVU14
  50:Core/Src/gpio.c **** 
  51:Core/Src/gpio.c ****   /*Configure GPIO pin Output Level */
  52:Core/Src/gpio.c ****   HAL_GPIO_WritePin(LED1_GPIO_Port, LED1_Pin, GPIO_PIN_RESET);
  82              		.loc 1 52 3 view .LVU15
  83 0036 DFF85490 		ldr	r9, .L3+8
  84 003a 2246     		mov	r2, r4
  85 003c 2021     		movs	r1, #32
  86 003e 4846     		mov	r0, r9
  87 0040 FFF7FEFF 		bl	HAL_GPIO_WritePin
  88              	.LVL0:
  53:Core/Src/gpio.c **** 
  54:Core/Src/gpio.c ****   /*Configure GPIO pin Output Level */
  55:Core/Src/gpio.c ****   HAL_GPIO_WritePin(LED0_GPIO_Port, LED0_Pin, GPIO_PIN_RESET);
  89              		.loc 1 55 3 view .LVU16
  90 0044 104D     		ldr	r5, .L3+4
  91 0046 2246     		mov	r2, r4
  92 0048 2021     		movs	r1, #32
  93 004a 2846     		mov	r0, r5
  94 004c FFF7FEFF 		bl	HAL_GPIO_WritePin
  95              	.LVL1:
  56:Core/Src/gpio.c **** 
  57:Core/Src/gpio.c ****   /*Configure GPIO pin : PtPin */
  58:Core/Src/gpio.c ****   GPIO_InitStruct.Pin = LED1_Pin;
  96              		.loc 1 58 3 view .LVU17
  97              		.loc 1 58 23 is_stmt 0 view .LVU18
  98 0050 4FF02008 		mov	r8, #32
  99 0054 CDF80880 		str	r8, [sp, #8]
  59:Core/Src/gpio.c ****   GPIO_InitStruct.Mode = GPIO_MODE_OUTPUT_PP;
 100              		.loc 1 59 3 is_stmt 1 view .LVU19
 101              		.loc 1 59 24 is_stmt 0 view .LVU20
 102 0058 0127     		movs	r7, #1
 103 005a 0397     		str	r7, [sp, #12]
  60:Core/Src/gpio.c ****   GPIO_InitStruct.Pull = GPIO_NOPULL;
 104              		.loc 1 60 3 is_stmt 1 view .LVU21
 105              		.loc 1 60 24 is_stmt 0 view .LVU22
 106 005c 0494     		str	r4, [sp, #16]
  61:Core/Src/gpio.c ****   GPIO_InitStruct.Speed = GPIO_SPEED_FREQ_HIGH;
 107              		.loc 1 61 3 is_stmt 1 view .LVU23
 108              		.loc 1 61 25 is_stmt 0 view .LVU24
 109 005e 0326     		movs	r6, #3
 110 0060 0596     		str	r6, [sp, #20]
  62:Core/Src/gpio.c ****   HAL_GPIO_Init(LED1_GPIO_Port, &GPIO_InitStruct);
ARM GAS  C:\Users\LW\AppData\Local\Temp\ccODhbvU.s 			page 4


 111              		.loc 1 62 3 is_stmt 1 view .LVU25
 112 0062 02A9     		add	r1, sp, #8
 113 0064 4846     		mov	r0, r9
 114 0066 FFF7FEFF 		bl	HAL_GPIO_Init
 115              	.LVL2:
  63:Core/Src/gpio.c **** 
  64:Core/Src/gpio.c ****   /*Configure GPIO pin : PtPin */
  65:Core/Src/gpio.c ****   GPIO_InitStruct.Pin = LED0_Pin;
 116              		.loc 1 65 3 view .LVU26
 117              		.loc 1 65 23 is_stmt 0 view .LVU27
 118 006a CDF80880 		str	r8, [sp, #8]
  66:Core/Src/gpio.c ****   GPIO_InitStruct.Mode = GPIO_MODE_OUTPUT_PP;
 119              		.loc 1 66 3 is_stmt 1 view .LVU28
 120              		.loc 1 66 24 is_stmt 0 view .LVU29
 121 006e 0397     		str	r7, [sp, #12]
  67:Core/Src/gpio.c ****   GPIO_InitStruct.Pull = GPIO_NOPULL;
 122              		.loc 1 67 3 is_stmt 1 view .LVU30
 123              		.loc 1 67 24 is_stmt 0 view .LVU31
 124 0070 0494     		str	r4, [sp, #16]
  68:Core/Src/gpio.c ****   GPIO_InitStruct.Speed = GPIO_SPEED_FREQ_HIGH;
 125              		.loc 1 68 3 is_stmt 1 view .LVU32
 126              		.loc 1 68 25 is_stmt 0 view .LVU33
 127 0072 0596     		str	r6, [sp, #20]
  69:Core/Src/gpio.c ****   HAL_GPIO_Init(LED0_GPIO_Port, &GPIO_InitStruct);
 128              		.loc 1 69 3 is_stmt 1 view .LVU34
 129 0074 02A9     		add	r1, sp, #8
 130 0076 2846     		mov	r0, r5
 131 0078 FFF7FEFF 		bl	HAL_GPIO_Init
 132              	.LVL3:
  70:Core/Src/gpio.c **** 
  71:Core/Src/gpio.c **** }
 133              		.loc 1 71 1 is_stmt 0 view .LVU35
 134 007c 07B0     		add	sp, sp, #28
 135              	.LCFI2:
 136              		.cfi_def_cfa_offset 28
 137              		@ sp needed
 138 007e BDE8F083 		pop	{r4, r5, r6, r7, r8, r9, pc}
 139              	.L4:
 140 0082 00BF     		.align	2
 141              	.L3:
 142 0084 00100240 		.word	1073876992
 143 0088 000C0140 		.word	1073810432
 144 008c 00180140 		.word	1073813504
 145              		.cfi_endproc
 146              	.LFE65:
 148              		.text
 149              	.Letext0:
 150              		.file 2 "g:\\gnu tools arm embedded\\9 2019-q4-major\\arm-none-eabi\\include\\machine\\_default_ty
 151              		.file 3 "g:\\gnu tools arm embedded\\9 2019-q4-major\\arm-none-eabi\\include\\sys\\_stdint.h"
 152              		.file 4 "Drivers/CMSIS/Include/core_cm3.h"
 153              		.file 5 "Drivers/CMSIS/Device/ST/STM32F1xx/Include/system_stm32f1xx.h"
 154              		.file 6 "Drivers/CMSIS/Device/ST/STM32F1xx/Include/stm32f103xe.h"
 155              		.file 7 "Drivers/STM32F1xx_HAL_Driver/Inc/stm32f1xx_hal_gpio.h"
 156              		.file 8 "Drivers/STM32F1xx_HAL_Driver/Inc/stm32f1xx_hal.h"
ARM GAS  C:\Users\LW\AppData\Local\Temp\ccODhbvU.s 			page 5


DEFINED SYMBOLS
                            *ABS*:00000000 gpio.c
C:\Users\LW\AppData\Local\Temp\ccODhbvU.s:16     .text.MX_GPIO_Init:00000000 $t
C:\Users\LW\AppData\Local\Temp\ccODhbvU.s:24     .text.MX_GPIO_Init:00000000 MX_GPIO_Init
C:\Users\LW\AppData\Local\Temp\ccODhbvU.s:142    .text.MX_GPIO_Init:00000084 $d

UNDEFINED SYMBOLS
HAL_GPIO_WritePin
HAL_GPIO_Init
